  % Total    % Received % Xferd  Average Speed   Time    Time     Time  Current
                                 Dload  Upload   Total   Spent    Left  Speed
  0     0    0     0    0     0      0      0 --:--:-- --:--:-- --:--:--     0*   Trying 3.141.167.27...
* TCP_NODELAY set
* Connected to ec2-3-141-167-27.us-east-2.compute.amazonaws.com (3.141.167.27) port 80 (#0)
> GET / HTTP/1.1
> Host: ec2-3-141-167-27.us-east-2.compute.amazonaws.com
> User-Agent: curl/7.64.1
> Accept: */*
> Cookie: login=eyJ1c2VybmFtZSI6ImF3ZGVvcmlvIn0.Y_KDLw.wUZ-E01A1soGRos6NpXArSK6mv4
> 
< HTTP/1.1 200 OK
< Server: nginx/1.18.0 (Ubuntu)
< Date: Sun, 19 Feb 2023 20:15:53 GMT
< Content-Type: text/html; charset=utf-8
< Content-Length: 477
< Connection: keep-alive
< Vary: Cookie
< 
{ [477 bytes data]
100   477  100   477    0     0   7119      0 --:--:-- --:--:-- --:--:--  7119
* Connection #0 to host ec2-3-141-167-27.us-east-2.compute.amazonaws.com left intact
* Closing connection 0
