  % Total    % Received % Xferd  Average Speed   Time    Time     Time  Current
                                 Dload  Upload   Total   Spent    Left  Speed
  0     0    0     0    0     0      0      0 --:--:-- --:--:-- --:--:--     0*   Trying 3.141.167.27...
* TCP_NODELAY set
* Connected to ec2-3-141-167-27.us-east-2.compute.amazonaws.com (3.141.167.27) port 80 (#0)
> GET /static/js/bundle.js HTTP/1.1
> Host: ec2-3-141-167-27.us-east-2.compute.amazonaws.com
> User-Agent: curl/7.64.1
> Accept: */*
> Cookie: login=eyJ1c2VybmFtZSI6ImF3ZGVvcmlvIn0.Y_KDLw.wUZ-E01A1soGRos6NpXArSK6mv4
> 
< HTTP/1.1 200 OK
< Server: nginx/1.18.0 (Ubuntu)
< Date: Sun, 19 Feb 2023 20:16:35 GMT
< Content-Type: text/javascript; charset=utf-8
< Content-Length: 1147723
< Connection: keep-alive
< Content-Disposition: inline; filename=bundle.js
< Last-Modified: Sun, 19 Feb 2023 20:10:14 GMT
< Cache-Control: no-cache
< ETag: "1676837414.3440669-1147723-2459766961"
< 
{ [14131 bytes data]
100 1120k  100 1120k    0     0  3535k      0 --:--:-- --:--:-- --:--:-- 3535k
* Connection #0 to host ec2-3-141-167-27.us-east-2.compute.amazonaws.com left intact
* Closing connection 0
